WARNING EXECUTION: jidsu got an ERROR: 
 ['[sudo] Mot de passe de jidsu\xa0: ']
INFO EXECUTION: jidsu got the result: 
 ['hello \n', 'Ana script\n', '/\n']
WARNING EXECUTION: jidsu got an ERROR: 
 ["sudo: un terminal est requis pour lire le mot de passe; utilisez soit l'option -S pour lire depuis l'entrée standard ou configurez un outil askpass de demande de mot de passe\n", 'sudo: il est nécessaire de saisir un mot de passe\n']
WARNING EXECUTION: jidsu got an ERROR: 
 []
INFO EXECUTION: jidsu got the result: 
 ['hello \n', 'Ana script\n', '/\n']
WARNING EXECUTION: jidsu got an ERROR: 
 []
INFO EXECUTION: jidsu got the result: 
 ['hello \n', 'Ana script\n', '/\n']
WARNING EXECUTION: jidsu got an ERROR: 
 ["sudo: un terminal est requis pour lire le mot de passe; utilisez soit l'option -S pour lire depuis l'entrée standard ou configurez un outil askpass de demande de mot de passe\n", 'sudo: il est nécessaire de saisir un mot de passe\n']
WARNING EXECUTION: jidsu got an ERROR: 
 ["sudo: un terminal est requis pour lire le mot de passe; utilisez soit l'option -S pour lire depuis l'entrée standard ou configurez un outil askpass de demande de mot de passe\n", 'sudo: il est nécessaire de saisir un mot de passe\n']
WARNING EXECUTION: jidsu got an ERROR: 
 ["sudo: un terminal est requis pour lire le mot de passe; utilisez soit l'option -S pour lire depuis l'entrée standard ou configurez un outil askpass de demande de mot de passe\n", 'sudo: il est nécessaire de saisir un mot de passe\n']
WARNING EXECUTION: jidsu got an ERROR: 
 []
INFO EXECUTION: jidsu got the result: 
 ['hello  dsq\n']
WARNING EXECUTION: newuser got an ERROR: 
 []
INFO EXECUTION: newuser got the result: 
 ['hello  dsq\n']
WARNING EXECUTION: newuser got an ERROR: 
 []
INFO EXECUTION: newuser got the result: 
 ['hello \n', 'Ana script\n', '/\n']
WARNING EXECUTION: newuser got an ERROR: 
 []
INFO EXECUTION: newuser got the result: 
 ['hello  dsq\n']
WARNING EXECUTION: newuser got an ERROR: 
 []
INFO EXECUTION: newuser got the result: 
 ['hello  ds\n']
WARNING EXECUTION: newuser got an ERROR: 
 []
INFO EXECUTION: newuser got the result: 
 ['hello  dsq\n']
WARNING EXECUTION: newuser got an ERROR: 
 []
INFO EXECUTION: newuser got the result: 
 ['hello  dsq\n']
WARNING EXECUTION: newuser got an ERROR: 
 []
INFO EXECUTION: newuser got the result: 
 ['hello  dsq\n']
WARNING EXECUTION: newuser got an ERROR: 
 []
INFO EXECUTION: newuser got the result: 
 ['hello  test\n']
WARNING EXECUTION: newuser got an ERROR: 
 []
INFO EXECUTION: newuser got the result: 
 ['hello  dsq\n']
WARNING EXECUTION: newuser got an ERROR: 
 []
INFO EXECUTION: newuser got the result: 
 ['hello  tes\n']
WARNING EXECUTION: newuser got an ERROR: 
 []
INFO EXECUTION: newuser got the result: 
 ['hello  test\n']
WARNING EXECUTION: newuser got an ERROR: 
 []
INFO EXECUTION: newuser got the result: 
 ['hello  test\n']
WARNING EXECUTION: newuser got an ERROR: 
 []
INFO EXECUTION: newuser got the result: 
 ['hello  test\n']
WARNING EXECUTION: newuser got an ERROR: 
 []
INFO EXECUTION: newuser got the result: 
 ['hello  test\n']
WARNING EXECUTION: newuser got an ERROR: 
 []
INFO EXECUTION: newuser got the result: 
 ['hello  exec\n']
WARNING EXECUTION: newuser got an ERROR: 
 []
INFO EXECUTION: newuser got the result: 
 ['hello  exec\n']
WARNING EXECUTION: newuser got an ERROR: 
 []
INFO EXECUTION: newuser got the result: 
 ['hello  test\n']
WARNING EXECUTION: newuser got an ERROR: 
 []
INFO EXECUTION: newuser got the result: 
 ['hello  dsq\n']
WARNING EXECUTION: newuser got an ERROR: 
 []
INFO EXECUTION: newuser got the result: 
 ['hello  dsq\n']
WARNING EXECUTION: newuser got an ERROR: 
 []
INFO EXECUTION: newuser got the result: 
 ['hello  test\n']
WARNING EXECUTION: newuser got an ERROR: 
 []
INFO EXECUTION: newuser got the result: 
 ['hello  dqs\n']
WARNING EXECUTION: newuser got an ERROR: 
 []
INFO EXECUTION: newuser got the result: 
 ['hello  dqs\n']
WARNING EXECUTION: newuser got an ERROR: 
 []
INFO EXECUTION: newuser got the result: 
 ['hello  dqs\n']
WARNING EXECUTION: newuser got an ERROR: 
 []
INFO EXECUTION: newuser got the result: 
 ['hello  dsq\n']
WARNING EXECUTION: newuser got an ERROR: 
 []
INFO EXECUTION: newuser got the result: 
 ['hello  dsq\n']
WARNING EXECUTION: newuser got an ERROR: 
 []
INFO EXECUTION: newuser got the result: 
 ['hello  dsq\n']
WARNING EXECUTION: newuser got an ERROR: 
 []
INFO EXECUTION: newuser got the result: 
 ['hello  dsq\n']
WARNING EXECUTION: newuser got an ERROR: 
 []
INFO EXECUTION: newuser got the result: 
 ['hello  test\n']
WARNING EXECUTION: newuser got an ERROR: 
 []
INFO EXECUTION: newuser got the result: 
 ['hello  tex\n']
WARNING EXECUTION: newuser got an ERROR: 
 []
INFO EXECUTION: newuser got the result: 
 ['hello  test\n']
WARNING EXECUTION: newuser got an ERROR: 
 []
INFO EXECUTION: newuser got the result: 
 ['hello  test\n']
WARNING EXECUTION: newuser got an ERROR: 
 []
INFO EXECUTION: newuser got the result: 
 ['hello  test\n']
WARNING EXECUTION: newuser got an ERROR: 
 []
INFO EXECUTION: newuser got the result: 
 ['hello  test\n']
WARNING EXECUTION: newuser got an ERROR: 
 []
INFO EXECUTION: newuser got the result: 
 ['hello  dqs\n']
WARNING EXECUTION: newuser got an ERROR: 
 []
INFO EXECUTION: newuser got the result: 
 ['hello  dqs\n']
WARNING EXECUTION: newuser got an ERROR: 
 []
INFO EXECUTION: newuser got the result: 
 ['hello \n', 'Ana script\n', '/\n']
WARNING EXECUTION: newuser got an ERROR: 
 []
INFO EXECUTION: newuser got the result: 
 ['hello  test\n']
WARNING EXECUTION: newuser got an ERROR: 
 []
INFO EXECUTION: newuser got the result: 
 ['hello  test\n', 'Ana script\n', '/home/userapp\n']
WARNING EXECUTION: newuser got an ERROR: 
 []
INFO EXECUTION: newuser got the result: 
 ['Hello world\n']
WARNING EXECUTION: newuser got an ERROR: 
 []
INFO EXECUTION: newuser got the result: 
 ['hello  test\n', 'Ana script\n', '/home/userapp\n']
WARNING EXECUTION: newuser got an ERROR: 
 []
INFO EXECUTION: newuser got the result: 
 ['hello  test\n', 'Ana script\n', '/home/userapp\n']
WARNING EXECUTION: newuser got an ERROR: 
 ['bash: ligne 1: userapp\xa0: commande introuvable\n']
WARNING EXECUTION: newuser got an ERROR: 
 ['bash: ligne 1: userapp\xa0: commande introuvable\n']
WARNING EXECUTION: newuser got an ERROR: 
 []
INFO EXECUTION: newuser got the result: 
 ['hello  ali\n', 'Ana script\n', '/home/userapp\n']
WARNING EXECUTION: newuser got an ERROR: 
 []
INFO EXECUTION: newuser got the result: 
 ['hello  ali\n', 'Ana script\n', '/home/userapp\n']
WARNING EXECUTION: newuser got an ERROR: 
 []
INFO EXECUTION: newuser got the result: 
 ['hello  test\n', 'Ana script\n', '/home/userapp\n']
WARNING EXECUTION: newuser got an ERROR: 
 []
INFO EXECUTION: newuser got the result: 
 ['hello  test\n', 'Ana script\n', '/home/userapp\n']
WARNING EXECUTION: newuser got an ERROR: 
 []
INFO EXECUTION: newuser got the result: 
 ["Création d'un répertoire temporaire...\n", 'Création de fichiers...\n', 'Liste des fichiers créés :\n', 'fichier1.txt\n', 'fichier2.txt\n', 'Copie des fichiers vers un serveur distant...\n', 'Exécution de scripts enregistrés dans la base de données sur des serveurs distants ou des conteneurs...\n', 'Nettoyage...\n', 'Démonstration terminée.\n']
WARNING EXECUTION: newuser got an ERROR: 
 []
INFO EXECUTION: newuser got the result: 
 ['Hello world!\n']
WARNING EXECUTION: newuser got an ERROR: 
 []
INFO EXECUTION: newuser got the result: 
 ['hello Admin_prod\n']
WARNING EXECUTION: newuser got an ERROR: 
 []
INFO EXECUTION: newuser got the result: 
 ['Hello world from python!\n']
WARNING EXECUTION: newuser got an ERROR: 
 ['bash: ligne 2: pwwd\xa0: commande introuvable\n']
INFO EXECUTION: newuser got the result: 
 ['/home/userapp\n']
WARNING EXECUTION: newuser got an ERROR: 
 ['bash: ligne 2: pwwd\xa0: commande introuvable\n']
INFO EXECUTION: newuser got the result: 
 ['/home/userapp\n']
WARNING EXECUTION: newuser got an ERROR: 
 ['bash: ligne 2: pwwd\xa0: commande introuvable\n']
INFO EXECUTION: newuser got the result: 
 ['/home/userapp\n']
WARNING EXECUTION: newuser got an ERROR: 
 ['bash: ligne 2: pwwd\xa0: commande introuvable\n']
INFO EXECUTION: newuser got the result: 
 ['/home/userapp\n']
WARNING EXECUTION: newuser got an ERROR: 
 ['bash: ligne 2: pwwd\xa0: commande introuvable\n']
INFO EXECUTION: newuser got the result: 
 ['/home/userapp\n']
WARNING EXECUTION: newuser got an ERROR: 
 []
INFO EXECUTION: newuser got the result: 
 ['Hello world!\n']
WARNING EXECUTION: newuser got an ERROR: 
 []
INFO EXECUTION: newuser got the result: 
 ['Hello world!\n']
WARNING EXECUTION: newuser got an ERROR: 
 []
INFO EXECUTION: newuser got the result: 
 ['Hello world!\n']
WARNING EXECUTION: newuser got an ERROR: 
 []
INFO EXECUTION: newuser got the result: 
 ['Hello world!\n']
WARNING EXECUTION: newuser got an ERROR: 
 ['bash: ligne 2: pwwd\xa0: commande introuvable\n']
INFO EXECUTION: newuser got the result: 
 ['/home/userapp\n']
WARNING EXECUTION: newuser got an ERROR: 
 ['bash: ligne 2: pwwd\xa0: commande introuvable\n']
INFO EXECUTION: newuser got the result: 
 []
WARNING EXECUTION: newuser got an ERROR: 
 ['bash: ligne 2: pwwd\xa0: commande introuvable\n']
INFO EXECUTION: newuser got the result: 
 []
WARNING EXECUTION: newuser got an ERROR: 
 ['bash: ligne 2: pwwd\xa0: commande introuvable\n']
INFO EXECUTION: newuser got the result: 
 []
WARNING EXECUTION: newuser got an ERROR: 
 ['bash: ligne 2: pwwd\xa0: commande introuvable\n']
INFO EXECUTION: newuser got the result: 
 []
WARNING EXECUTION: newuser got an ERROR: 
 ['bash: ligne 2: pwwd\xa0: commande introuvable\n']
INFO EXECUTION: newuser got the result: 
 []
WARNING EXECUTION: newuser got an ERROR: 
 ['bash: ligne 2: pwwd\xa0: commande introuvable\n']
INFO EXECUTION: newuser got the result: 
 []
WARNING EXECUTION: newuser got an ERROR: 
 []
INFO EXECUTION: newuser got the result: 
 ['Hello world!\n']
WARNING EXECUTION: newuser got an ERROR: 
 ['bash: ligne 1: pwwd\xa0: commande introuvable\n', 'bash: ligne 2: pwwd\xa0: commande introuvable\n']
INFO EXECUTION: newuser got the result: 
 []
WARNING EXECUTION: newuser got an ERROR: 
 ['bash: ligne 1: pwwd\xa0: commande introuvable\n', 'bash: ligne 2: pwwd\xa0: commande introuvable\n']
INFO EXECUTION: newuser got the result: 
 []
WARNING EXECUTION: newuser got an ERROR: 
 []
INFO EXECUTION: newuser got the result: 
 ['Hello world from python!\n']
WARNING EXECUTION: newuser got an ERROR: 
 ['bash: ligne 1: pwwd\xa0: commande introuvable\n', 'bash: ligne 2: pwwd\xa0: commande introuvable\n']
INFO EXECUTION: newuser got the result: 
 []
WARNING EXECUTION: newuser got an ERROR: 
 []
INFO EXECUTION: newuser got the result: 
 ['Hello world!\n']
WARNING EXECUTION: newuser got an ERROR: 
 []
INFO EXECUTION: newuser got the result: 
 ['hello test\n']
WARNING EXECUTION: newuser got an ERROR: 
 []
INFO EXECUTION: newuser got the result: 
 ['Hello world!\n']
WARNING EXECUTION 2024-04-19 18:40:42 : newuser/2 got an ERROR when executing script 21 with inputs in order  : 
 []
INFO EXECUTION 2024-04-19 18:40:42 : newuser/2 got the result when executing script 21 with inputs in order  : 
 ['Hello world!\n']
WARNING EXECUTION 2024-04-21 10:15:55 : newuser/2 got an ERROR when executing script 22 with inputs in order [username : User test]  : 
 []
INFO EXECUTION 2024-04-21 10:15:55 : newuser/2 got the result when executing script 22 with inputs in order [username : User test]  : 
 ['hello User test\n']
